Determining if the pthread_create exist failed with the following output:
Change Dir: /home/saurex83/Projects/Neocore/Service/CMakeFiles/CMakeTmp

Run Build Command:"/usr/bin/make" "cmTC_3352b/fast"
/usr/bin/make -f CMakeFiles/cmTC_3352b.dir/build.make CMakeFiles/cmTC_3352b.dir/build
make[1]: вход в каталог «/home/saurex83/Projects/Neocore/Service/CMakeFiles/CMakeTmp»
Building C object CMakeFiles/cmTC_3352b.dir/CheckSymbolExists.c.o
/usr/bin/cc    -o CMakeFiles/cmTC_3352b.dir/CheckSymbolExists.c.o   -c /home/saurex83/Projects/Neocore/Service/CMakeFiles/CMakeTmp/CheckSymbolExists.c
Linking C executable cmTC_3352b
/usr/bin/cmake -E cmake_link_script CMakeFiles/cmTC_3352b.dir/link.txt --verbose=1
/usr/bin/cc      -rdynamic CMakeFiles/cmTC_3352b.dir/CheckSymbolExists.c.o  -o cmTC_3352b 
CMakeFiles/cmTC_3352b.dir/CheckSymbolExists.c.o: In function `main':
CheckSymbolExists.c:(.text+0x1b): undefined reference to `pthread_create'
collect2: error: ld returned 1 exit status
CMakeFiles/cmTC_3352b.dir/build.make:97: recipe for target 'cmTC_3352b' failed
make[1]: *** [cmTC_3352b] Error 1
make[1]: выход из каталога «/home/saurex83/Projects/Neocore/Service/CMakeFiles/CMakeTmp»
Makefile:126: recipe for target 'cmTC_3352b/fast' failed
make: *** [cmTC_3352b/fast] Error 2

File /home/saurex83/Projects/Neocore/Service/CMakeFiles/CMakeTmp/CheckSymbolExists.c:
/* */
#include <pthread.h>

int main(int argc, char** argv)
{
  (void)argv;
#ifndef pthread_create
  return ((int*)(&pthread_create))[argc];
#else
  (void)argc;
  return 0;
#endif
}

Determining if the function pthread_create exists in the pthreads failed with the following output:
Change Dir: /home/saurex83/Projects/Neocore/Service/CMakeFiles/CMakeTmp

Run Build Command:"/usr/bin/make" "cmTC_d69c0/fast"
/usr/bin/make -f CMakeFiles/cmTC_d69c0.dir/build.make CMakeFiles/cmTC_d69c0.dir/build
make[1]: вход в каталог «/home/saurex83/Projects/Neocore/Service/CMakeFiles/CMakeTmp»
Building C object CMakeFiles/cmTC_d69c0.dir/CheckFunctionExists.c.o
/usr/bin/cc   -DCHECK_FUNCTION_EXISTS=pthread_create   -o CMakeFiles/cmTC_d69c0.dir/CheckFunctionExists.c.o   -c /usr/share/cmake-3.10/Modules/CheckFunctionExists.c
Linking C executable cmTC_d69c0
/usr/bin/cmake -E cmake_link_script CMakeFiles/cmTC_d69c0.dir/link.txt --verbose=1
/usr/bin/cc  -DCHECK_FUNCTION_EXISTS=pthread_create    -rdynamic CMakeFiles/cmTC_d69c0.dir/CheckFunctionExists.c.o  -o cmTC_d69c0 -lpthreads 
/usr/bin/ld: cannot find -lpthreads
collect2: error: ld returned 1 exit status
CMakeFiles/cmTC_d69c0.dir/build.make:97: recipe for target 'cmTC_d69c0' failed
make[1]: *** [cmTC_d69c0] Error 1
make[1]: выход из каталога «/home/saurex83/Projects/Neocore/Service/CMakeFiles/CMakeTmp»
Makefile:126: recipe for target 'cmTC_d69c0/fast' failed
make: *** [cmTC_d69c0/fast] Error 2


